{"C:\\Users\\Deeba\\Github\\Minimalist\\modules\\List.js": {"path":"C:\\Users\\Deeba\\Github\\Minimalist\\modules\\List.js","statementMap":{"0":{"start":{"line":1,"column":14},"end":{"line":6,"column":1}},"1":{"start":{"line":2,"column":16},"end":{"line":2,"column":47}},"2":{"start":{"line":3,"column":2},"end":{"line":3,"column":20}},"3":{"start":{"line":5,"column":2},"end":{"line":5,"column":15}},"4":{"start":{"line":8,"column":13},"end":{"line":13,"column":1}},"5":{"start":{"line":9,"column":12},"end":{"line":9,"column":39}},"6":{"start":{"line":10,"column":2},"end":{"line":10,"column":31}},"7":{"start":{"line":12,"column":2},"end":{"line":12,"column":11}},"8":{"start":{"line":20,"column":0},"end":{"line":20,"column":33}}},"fnMap":{"0":{"name":"(anonymous_0)","decl":{"start":{"line":1,"column":14},"end":{"line":1,"column":15}},"loc":{"start":{"line":1,"column":24},"end":{"line":6,"column":1}},"line":1},"1":{"name":"(anonymous_1)","decl":{"start":{"line":8,"column":13},"end":{"line":8,"column":14}},"loc":{"start":{"line":8,"column":23},"end":{"line":13,"column":1}},"line":8}},"branchMap":{},"s":{"0":1,"1":0,"2":0,"3":0,"4":1,"5":0,"6":0,"7":0,"8":1},"f":{"0":0,"1":0},"b":{},"_coverageSchema":"1a1c01bbd47fc00a2c39e90264f33305004495a9","hash":"1c25039d1202515db415036238b78dc46c1cb150"}
,"C:\\Users\\Deeba\\Github\\Minimalist\\modules\\Task.js": {"path":"C:\\Users\\Deeba\\Github\\Minimalist\\modules\\Task.js","statementMap":{"0":{"start":{"line":2,"column":24},"end":{"line":2,"column":44}},"1":{"start":{"line":6,"column":4},"end":{"line":6,"column":18}},"2":{"start":{"line":7,"column":4},"end":{"line":7,"column":16}},"3":{"start":{"line":8,"column":4},"end":{"line":8,"column":20}},"4":{"start":{"line":9,"column":4},"end":{"line":9,"column":20}},"5":{"start":{"line":10,"column":4},"end":{"line":10,"column":17}},"6":{"start":{"line":13,"column":14},"end":{"line":27,"column":3}},"7":{"start":{"line":14,"column":20},"end":{"line":14,"column":49}},"8":{"start":{"line":15,"column":18},"end":{"line":15,"column":52}},"9":{"start":{"line":17,"column":15},"end":{"line":17,"column":56}},"10":{"start":{"line":18,"column":4},"end":{"line":18,"column":44}},"11":{"start":{"line":18,"column":25},"end":{"line":18,"column":42}},"12":{"start":{"line":20,"column":4},"end":{"line":26,"column":5}},"13":{"start":{"line":20,"column":17},"end":{"line":20,"column":18}},"14":{"start":{"line":21,"column":19},"end":{"line":21,"column":27}},"15":{"start":{"line":22,"column":30},"end":{"line":22,"column":34}},"16":{"start":{"line":24,"column":17},"end":{"line":24,"column":48}},"17":{"start":{"line":25,"column":6},"end":{"line":25,"column":25}},"18":{"start":{"line":30,"column":4},"end":{"line":30,"column":56}},"19":{"start":{"line":31,"column":4},"end":{"line":33,"column":5}},"20":{"start":{"line":32,"column":6},"end":{"line":32,"column":46}},"21":{"start":{"line":37,"column":4},"end":{"line":37,"column":23}},"22":{"start":{"line":38,"column":4},"end":{"line":38,"column":21}},"23":{"start":{"line":42,"column":4},"end":{"line":42,"column":46}},"24":{"start":{"line":43,"column":16},"end":{"line":43,"column":54}},"25":{"start":{"line":45,"column":17},"end":{"line":49,"column":5}},"26":{"start":{"line":51,"column":4},"end":{"line":51,"column":19}},"27":{"start":{"line":52,"column":4},"end":{"line":52,"column":55}},"28":{"start":{"line":53,"column":4},"end":{"line":53,"column":19}},"29":{"start":{"line":57,"column":4},"end":{"line":57,"column":59}},"30":{"start":{"line":58,"column":4},"end":{"line":58,"column":44}},"31":{"start":{"line":60,"column":4},"end":{"line":60,"column":62}},"32":{"start":{"line":61,"column":4},"end":{"line":61,"column":19}},"33":{"start":{"line":64,"column":16},"end":{"line":70,"column":3}},"34":{"start":{"line":65,"column":16},"end":{"line":65,"column":25}},"35":{"start":{"line":66,"column":4},"end":{"line":68,"column":5}},"36":{"start":{"line":66,"column":17},"end":{"line":66,"column":20}},"37":{"start":{"line":67,"column":6},"end":{"line":67,"column":26}},"38":{"start":{"line":69,"column":4},"end":{"line":69,"column":17}},"39":{"start":{"line":73,"column":4},"end":{"line":73,"column":54}},"40":{"start":{"line":74,"column":18},"end":{"line":74,"column":77}},"41":{"start":{"line":74,"column":44},"end":{"line":74,"column":76}},"42":{"start":{"line":76,"column":4},"end":{"line":76,"column":35}},"43":{"start":{"line":78,"column":4},"end":{"line":78,"column":27}},"44":{"start":{"line":79,"column":4},"end":{"line":79,"column":57}},"45":{"start":{"line":80,"column":4},"end":{"line":80,"column":19}},"46":{"start":{"line":81,"column":4},"end":{"line":81,"column":17}},"47":{"start":{"line":84,"column":21},"end":{"line":110,"column":3}},"48":{"start":{"line":85,"column":4},"end":{"line":109,"column":5}},"49":{"start":{"line":86,"column":17},"end":{"line":86,"column":31}},"50":{"start":{"line":87,"column":19},"end":{"line":87,"column":45}},"51":{"start":{"line":88,"column":19},"end":{"line":88,"column":33}},"52":{"start":{"line":90,"column":6},"end":{"line":90,"column":34}},"53":{"start":{"line":91,"column":6},"end":{"line":91,"column":19}},"54":{"start":{"line":93,"column":6},"end":{"line":93,"column":54}},"55":{"start":{"line":94,"column":6},"end":{"line":94,"column":42}},"56":{"start":{"line":96,"column":6},"end":{"line":101,"column":9}},"57":{"start":{"line":97,"column":8},"end":{"line":100,"column":9}},"58":{"start":{"line":98,"column":30},"end":{"line":98,"column":44}},"59":{"start":{"line":99,"column":10},"end":{"line":99,"column":38}},"60":{"start":{"line":103,"column":6},"end":{"line":108,"column":9}},"61":{"start":{"line":104,"column":8},"end":{"line":104,"column":27}},"62":{"start":{"line":105,"column":22},"end":{"line":105,"column":63}},"63":{"start":{"line":106,"column":28},"end":{"line":106,"column":42}},"64":{"start":{"line":107,"column":8},"end":{"line":107,"column":40}},"65":{"start":{"line":112,"column":12},"end":{"line":116,"column":3}},"66":{"start":{"line":113,"column":18},"end":{"line":113,"column":59}},"67":{"start":{"line":114,"column":4},"end":{"line":114,"column":32}},"68":{"start":{"line":115,"column":4},"end":{"line":115,"column":57}},"69":{"start":{"line":118,"column":15},"end":{"line":152,"column":3}},"70":{"start":{"line":119,"column":15},"end":{"line":119,"column":43}},"71":{"start":{"line":120,"column":16},"end":{"line":120,"column":45}},"72":{"start":{"line":121,"column":17},"end":{"line":121,"column":46}},"73":{"start":{"line":122,"column":15},"end":{"line":122,"column":56}},"74":{"start":{"line":124,"column":4},"end":{"line":124,"column":24}},"75":{"start":{"line":125,"column":4},"end":{"line":125,"column":32}},"76":{"start":{"line":126,"column":4},"end":{"line":126,"column":53}},"77":{"start":{"line":128,"column":4},"end":{"line":128,"column":33}},"78":{"start":{"line":129,"column":4},"end":{"line":129,"column":40}},"79":{"start":{"line":130,"column":4},"end":{"line":130,"column":46}},"80":{"start":{"line":132,"column":4},"end":{"line":132,"column":26}},"81":{"start":{"line":134,"column":4},"end":{"line":137,"column":7}},"82":{"start":{"line":135,"column":6},"end":{"line":135,"column":25}},"83":{"start":{"line":136,"column":6},"end":{"line":136,"column":35}},"84":{"start":{"line":139,"column":21},"end":{"line":139,"column":47}},"85":{"start":{"line":140,"column":4},"end":{"line":149,"column":7}},"86":{"start":{"line":141,"column":26},"end":{"line":141,"column":52}},"87":{"start":{"line":142,"column":6},"end":{"line":148,"column":7}},"88":{"start":{"line":143,"column":8},"end":{"line":143,"column":58}},"89":{"start":{"line":144,"column":8},"end":{"line":144,"column":30}},"90":{"start":{"line":146,"column":8},"end":{"line":146,"column":50}},"91":{"start":{"line":147,"column":8},"end":{"line":147,"column":31}},"92":{"start":{"line":151,"column":4},"end":{"line":151,"column":14}},"93":{"start":{"line":154,"column":20},"end":{"line":162,"column":3}},"94":{"start":{"line":155,"column":18},"end":{"line":155,"column":59}},"95":{"start":{"line":157,"column":19},"end":{"line":157,"column":66}},"96":{"start":{"line":157,"column":42},"end":{"line":157,"column":65}},"97":{"start":{"line":159,"column":4},"end":{"line":161,"column":5}},"98":{"start":{"line":159,"column":17},"end":{"line":159,"column":18}},"99":{"start":{"line":160,"column":6},"end":{"line":160,"column":41}},"100":{"start":{"line":165,"column":4},"end":{"line":165,"column":27}},"101":{"start":{"line":170,"column":0},"end":{"line":170,"column":22}}},"fnMap":{"0":{"name":"(anonymous_0)","decl":{"start":{"line":5,"column":2},"end":{"line":5,"column":3}},"loc":{"start":{"line":5,"column":16},"end":{"line":11,"column":3}},"line":5},"1":{"name":"(anonymous_1)","decl":{"start":{"line":13,"column":14},"end":{"line":13,"column":15}},"loc":{"start":{"line":13,"column":20},"end":{"line":27,"column":3}},"line":13},"2":{"name":"(anonymous_2)","decl":{"start":{"line":18,"column":15},"end":{"line":18,"column":16}},"loc":{"start":{"line":18,"column":25},"end":{"line":18,"column":42}},"line":18},"3":{"name":"(anonymous_3)","decl":{"start":{"line":29,"column":2},"end":{"line":29,"column":3}},"loc":{"start":{"line":29,"column":16},"end":{"line":34,"column":3}},"line":29},"4":{"name":"(anonymous_4)","decl":{"start":{"line":36,"column":2},"end":{"line":36,"column":3}},"loc":{"start":{"line":36,"column":12},"end":{"line":39,"column":3}},"line":36},"5":{"name":"(anonymous_5)","decl":{"start":{"line":41,"column":2},"end":{"line":41,"column":3}},"loc":{"start":{"line":41,"column":12},"end":{"line":54,"column":3}},"line":41},"6":{"name":"(anonymous_6)","decl":{"start":{"line":56,"column":2},"end":{"line":56,"column":3}},"loc":{"start":{"line":56,"column":25},"end":{"line":62,"column":3}},"line":56},"7":{"name":"(anonymous_7)","decl":{"start":{"line":64,"column":16},"end":{"line":64,"column":17}},"loc":{"start":{"line":64,"column":34},"end":{"line":70,"column":3}},"line":64},"8":{"name":"(anonymous_8)","decl":{"start":{"line":72,"column":2},"end":{"line":72,"column":3}},"loc":{"start":{"line":72,"column":29},"end":{"line":82,"column":3}},"line":72},"9":{"name":"(anonymous_9)","decl":{"start":{"line":74,"column":34},"end":{"line":74,"column":35}},"loc":{"start":{"line":74,"column":44},"end":{"line":74,"column":76}},"line":74},"10":{"name":"(anonymous_10)","decl":{"start":{"line":84,"column":21},"end":{"line":84,"column":22}},"loc":{"start":{"line":84,"column":32},"end":{"line":110,"column":3}},"line":84},"11":{"name":"(anonymous_11)","decl":{"start":{"line":96,"column":40},"end":{"line":96,"column":41}},"loc":{"start":{"line":96,"column":47},"end":{"line":101,"column":7}},"line":96},"12":{"name":"(anonymous_12)","decl":{"start":{"line":103,"column":37},"end":{"line":103,"column":38}},"loc":{"start":{"line":103,"column":44},"end":{"line":108,"column":7}},"line":103},"13":{"name":"(anonymous_13)","decl":{"start":{"line":112,"column":12},"end":{"line":112,"column":13}},"loc":{"start":{"line":112,"column":27},"end":{"line":116,"column":3}},"line":112},"14":{"name":"(anonymous_14)","decl":{"start":{"line":118,"column":15},"end":{"line":118,"column":16}},"loc":{"start":{"line":118,"column":35},"end":{"line":152,"column":3}},"line":118},"15":{"name":"(anonymous_15)","decl":{"start":{"line":134,"column":35},"end":{"line":134,"column":36}},"loc":{"start":{"line":134,"column":42},"end":{"line":137,"column":5}},"line":134},"16":{"name":"(anonymous_16)","decl":{"start":{"line":140,"column":40},"end":{"line":140,"column":41}},"loc":{"start":{"line":140,"column":46},"end":{"line":149,"column":5}},"line":140},"17":{"name":"(anonymous_17)","decl":{"start":{"line":154,"column":20},"end":{"line":154,"column":21}},"loc":{"start":{"line":154,"column":26},"end":{"line":162,"column":3}},"line":154},"18":{"name":"(anonymous_18)","decl":{"start":{"line":157,"column":32},"end":{"line":157,"column":33}},"loc":{"start":{"line":157,"column":42},"end":{"line":157,"column":65}},"line":157},"19":{"name":"(anonymous_19)","decl":{"start":{"line":164,"column":2},"end":{"line":164,"column":3}},"loc":{"start":{"line":164,"column":19},"end":{"line":166,"column":3}},"line":164}},"branchMap":{"0":{"loc":{"start":{"line":15,"column":18},"end":{"line":15,"column":52}},"type":"cond-expr","locations":[{"start":{"line":15,"column":28},"end":{"line":15,"column":47}},{"start":{"line":15,"column":50},"end":{"line":15,"column":52}}],"line":15},"1":{"loc":{"start":{"line":43,"column":16},"end":{"line":43,"column":54}},"type":"cond-expr","locations":[{"start":{"line":43,"column":28},"end":{"line":43,"column":49}},{"start":{"line":43,"column":52},"end":{"line":43,"column":54}}],"line":43},"2":{"loc":{"start":{"line":85,"column":4},"end":{"line":109,"column":5}},"type":"if","locations":[{"start":{"line":85,"column":4},"end":{"line":109,"column":5}},{"start":{},"end":{}}],"line":85},"3":{"loc":{"start":{"line":97,"column":8},"end":{"line":100,"column":9}},"type":"if","locations":[{"start":{"line":97,"column":8},"end":{"line":100,"column":9}},{"start":{},"end":{}}],"line":97},"4":{"loc":{"start":{"line":142,"column":6},"end":{"line":148,"column":7}},"type":"if","locations":[{"start":{"line":142,"column":6},"end":{"line":148,"column":7}},{"start":{"line":145,"column":13},"end":{"line":148,"column":7}}],"line":142}},"s":{"0":1,"1":1,"2":1,"3":1,"4":1,"5":1,"6":1,"7":0,"8":0,"9":0,"10":0,"11":0,"12":0,"13":0,"14":0,"15":0,"16":0,"17":0,"18":0,"19":0,"20":0,"21":0,"22":0,"23":0,"24":0,"25":0,"26":0,"27":0,"28":0,"29":0,"30":0,"31":0,"32":0,"33":1,"34":2,"35":2,"36":2,"37":3,"38":2,"39":0,"40":0,"41":0,"42":0,"43":0,"44":0,"45":0,"46":0,"47":1,"48":0,"49":0,"50":0,"51":0,"52":0,"53":0,"54":0,"55":0,"56":0,"57":0,"58":0,"59":0,"60":0,"61":0,"62":0,"63":0,"64":0,"65":1,"66":0,"67":0,"68":0,"69":1,"70":0,"71":0,"72":0,"73":0,"74":0,"75":0,"76":0,"77":0,"78":0,"79":0,"80":0,"81":0,"82":0,"83":0,"84":0,"85":0,"86":0,"87":0,"88":0,"89":0,"90":0,"91":0,"92":0,"93":1,"94":0,"95":0,"96":0,"97":0,"98":0,"99":0,"100":0,"101":1},"f":{"0":1,"1":0,"2":0,"3":0,"4":0,"5":0,"6":0,"7":2,"8":0,"9":0,"10":0,"11":0,"12":0,"13":0,"14":0,"15":0,"16":0,"17":0,"18":0,"19":0},"b":{"0":[0,0],"1":[0,0],"2":[0,0],"3":[0,0],"4":[0,0]},"_coverageSchema":"1a1c01bbd47fc00a2c39e90264f33305004495a9","hash":"97fda6662f924ea5c3dbd76bb3844ba5797e9f0f"}
}
